<?xml version="1.0" encoding="UTF-8"?>
<!-- Generated by org.testng.reporters.JUnitReportReporter -->
<testsuite skipped="0" hostname="DESKTOP-J7UJK7R" name="testcases.ValidationTest" tests="1" failures="0" timestamp="2021-09-17T19:00:52 IST" time="16.641" errors="0">
  <testcase name="searchBoxValidation" time="16.641" classname="testcases.ValidationTest"/>
  <system-out/>
</testsuite> <!-- testcases.ValidationTest -->
