<?xml version="1.0" encoding="UTF-8"?>
<!-- Generated by org.testng.reporters.JUnitReportReporter -->
<testsuite skipped="0" hostname="DESKTOP-J7UJK7R" name="testcases.ValidationTest1" tests="1" failures="0" timestamp="2021-09-17T19:00:52 IST" time="15.154" errors="0">
  <testcase name="cartValidation" time="15.154" classname="testcases.ValidationTest1"/>
  <system-out/>
</testsuite> <!-- testcases.ValidationTest1 -->
